# JRE version: Java(TM) SE Runtime Environment (8.0_101-b13) (build 1.8.0_101-b13)
# Java VM: Java HotSpot(TM) 64-Bit Server VM (25.101-b13 mixed mode windows-amd64 compressed oops)
Heap:
 PSYoungGen      total 592384K, used 356376K [0x00000000d5580000, 0x0000000100000000, 0x0000000100000000)
  eden space 498688K, 52% used [0x00000000d5580000,0x00000000e560a048,0x00000000f3c80000)
  from space 93696K, 99% used [0x00000000f3c80000,0x00000000f97fc3b0,0x00000000f9800000)
  to   space 106496K, 0% used [0x00000000f9800000,0x00000000f9800000,0x0000000100000000)
 ParOldGen       total 296960K, used 128788K [0x0000000080000000, 0x0000000092200000, 0x00000000d5580000)
  object space 296960K, 43% used [0x0000000080000000,0x0000000087dc5320,0x0000000092200000)
 Metaspace       used 105132K, capacity 110650K, committed 110976K, reserved 1144832K
  class space    used 13546K, capacity 14535K, committed 14720K, reserved 1048576K
GC Heap History (10 events):
Event: 230.405 GC heap before
{Heap before GC invocations=44 (full 6):
 PSYoungGen      total 643072K, used 643062K [0x00000000d5580000, 0x0000000100000000, 0x0000000100000000)
  eden space 587264K, 100% used [0x00000000d5580000,0x00000000f9300000,0x00000000f9300000)
  from space 55808K, 99% used [0x00000000f9300000,0x00000000fc97d840,0x00000000fc980000)
  to   space 55808K, 0% used [0x00000000fc980000,0x00000000fc980000,0x0000000100000000)
 ParOldGen       total 281088K, used 198677K [0x0000000080000000, 0x0000000091280000, 0x00000000d5580000)
  object space 281088K, 70% used [0x0000000080000000,0x000000008c205418,0x0000000091280000)
 Metaspace       used 104582K, capacity 110114K, committed 110464K, reserved 1144832K
  class space    used 13561K, capacity 14575K, committed 14720K, reserved 1048576K
Event: 230.790 GC heap after
Heap after GC invocations=44 (full 6):
 PSYoungGen      total 552960K, used 55782K [0x00000000d5580000, 0x0000000100000000, 0x0000000100000000)
  eden space 497152K, 0% used [0x00000000d5580000,0x00000000d5580000,0x00000000f3b00000)
  from space 55808K, 99% used [0x00000000fc980000,0x00000000ffff9af0,0x0000000100000000)
  to   space 100864K, 0% used [0x00000000f3b00000,0x00000000f3b00000,0x00000000f9d80000)
 ParOldGen       total 281088K, used 247716K [0x0000000080000000, 0x0000000091280000, 0x00000000d5580000)
  object space 281088K, 88% used [0x0000000080000000,0x000000008f1e93e0,0x0000000091280000)
 Metaspace       used 104582K, capacity 110114K, committed 110464K, reserved 1144832K
  class space    used 13561K, capacity 14575K, committed 14720K, reserved 1048576K
}
Event: 230.790 GC heap before
{Heap before GC invocations=45 (full 7):
 PSYoungGen      total 552960K, used 55782K [0x00000000d5580000, 0x0000000100000000, 0x0000000100000000)
  eden space 497152K, 0% used [0x00000000d5580000,0x00000000d5580000,0x00000000f3b00000)
  from space 55808K, 99% used [0x00000000fc980000,0x00000000ffff9af0,0x0000000100000000)
  to   space 100864K, 0% used [0x00000000f3b00000,0x00000000f3b00000,0x00000000f9d80000)
 ParOldGen       total 281088K, used 247716K [0x0000000080000000, 0x0000000091280000, 0x00000000d5580000)
  object space 281088K, 88% used [0x0000000080000000,0x000000008f1e93e0,0x0000000091280000)
 Metaspace       used 104582K, capacity 110114K, committed 110464K, reserved 1144832K
  class space    used 13561K, capacity 14575K, committed 14720K, reserved 1048576K
Event: 232.662 GC heap after
Heap after GC invocations=45 (full 7):
 PSYoungGen      total 552960K, used 0K [0x00000000d5580000, 0x0000000100000000, 0x0000000100000000)
  eden space 497152K, 0% used [0x00000000d5580000,0x00000000d5580000,0x00000000f3b00000)
  from space 55808K, 0% used [0x00000000fc980000,0x00000000fc980000,0x0000000100000000)
  to   space 100864K, 0% used [0x00000000f3b00000,0x00000000f3b00000,0x00000000f9d80000)
 ParOldGen       total 296960K, used 114692K [0x0000000080000000, 0x0000000092200000, 0x00000000d5580000)
  object space 296960K, 38% used [0x0000000080000000,0x0000000087001048,0x0000000092200000)
 Metaspace       used 104075K, capacity 109392K, committed 110464K, reserved 1144832K
  class space    used 13503K, capacity 14472K, committed 14720K, reserved 1048576K
}
Event: 235.165 GC heap before
{Heap before GC invocations=46 (full 7):
 PSYoungGen      total 552960K, used 497152K [0x00000000d5580000, 0x0000000100000000, 0x0000000100000000)
  eden space 497152K, 100% used [0x00000000d5580000,0x00000000f3b00000,0x00000000f3b00000)
  from space 55808K, 0% used [0x00000000fc980000,0x00000000fc980000,0x0000000100000000)
  to   space 100864K, 0% used [0x00000000f3b00000,0x00000000f3b00000,0x00000000f9d80000)
 ParOldGen       total 296960K, used 114692K [0x0000000080000000, 0x0000000092200000, 0x00000000d5580000)
  object space 296960K, 38% used [0x0000000080000000,0x0000000087001048,0x0000000092200000)
 Metaspace       used 104187K, capacity 109606K, committed 110464K, reserved 1144832K
  class space    used 13504K, capacity 14473K, committed 14720K, reserved 1048576K
Event: 235.220 GC heap after
Heap after GC invocations=46 (full 7):
 PSYoungGen      total 598016K, used 49108K [0x00000000d5580000, 0x0000000100000000, 0x0000000100000000)
  eden space 497152K, 0% used [0x00000000d5580000,0x00000000d5580000,0x00000000f3b00000)
  from space 100864K, 48% used [0x00000000f3b00000,0x00000000f6af53f8,0x00000000f9d80000)
  to   space 99328K, 0% used [0x00000000f9f00000,0x00000000f9f00000,0x0000000100000000)
 ParOldGen       total 296960K, used 114700K [0x0000000080000000, 0x0000000092200000, 0x00000000d5580000)
  object space 296960K, 38% used [0x0000000080000000,0x0000000087003048,0x0000000092200000)
 Metaspace       used 104187K, capacity 109606K, committed 110464K, reserved 1144832K
  class space    used 13504K, capacity 14473K, committed 14720K, reserved 1048576K
}
Event: 587.625 GC heap before
{Heap before GC invocations=47 (full 7):
 PSYoungGen      total 598016K, used 546260K [0x00000000d5580000, 0x0000000100000000, 0x0000000100000000)
  eden space 497152K, 100% used [0x00000000d5580000,0x00000000f3b00000,0x00000000f3b00000)
  from space 100864K, 48% used [0x00000000f3b00000,0x00000000f6af53f8,0x00000000f9d80000)
  to   space 99328K, 0% used [0x00000000f9f00000,0x00000000f9f00000,0x0000000100000000)
 ParOldGen       total 296960K, used 114700K [0x0000000080000000, 0x0000000092200000, 0x00000000d5580000)
  object space 296960K, 38% used [0x0000000080000000,0x0000000087003048,0x0000000092200000)
 Metaspace       used 104491K, capacity 109854K, committed 110464K, reserved 1144832K
  class space    used 13511K, capacity 14481K, committed 14720K, reserved 1048576K
Event: 589.479 GC heap after
Heap after GC invocations=47 (full 7):
 PSYoungGen      total 585216K, used 33802K [0x00000000d5580000, 0x00000000ff380000, 0x0000000100000000)
  eden space 498688K, 0% used [0x00000000d5580000,0x00000000d5580000,0x00000000f3c80000)
  from space 86528K, 39% used [0x00000000f9f00000,0x00000000fc0029c8,0x00000000ff380000)
  to   space 93696K, 0% used [0x00000000f3c80000,0x00000000f3c80000,0x00000000f9800000)
 ParOldGen       total 296960K, used 114708K [0x0000000080000000, 0x0000000092200000, 0x00000000d5580000)
  object space 296960K, 38% used [0x0000000080000000,0x0000000087005048,0x0000000092200000)
 Metaspace       used 104491K, capacity 109854K, committed 110464K, reserved 1144832K
  class space    used 13511K, capacity 14481K, committed 14720K, reserved 1048576K
}
Event: 608.075 GC heap before
{Heap before GC invocations=48 (full 7):
 PSYoungGen      total 585216K, used 532490K [0x00000000d5580000, 0x00000000ff380000, 0x0000000100000000)
  eden space 498688K, 100% used [0x00000000d5580000,0x00000000f3c80000,0x00000000f3c80000)
  from space 86528K, 39% used [0x00000000f9f00000,0x00000000fc0029c8,0x00000000ff380000)
  to   space 93696K, 0% used [0x00000000f3c80000,0x00000000f3c80000,0x00000000f9800000)
 ParOldGen       total 296960K, used 114708K [0x0000000080000000, 0x0000000092200000, 0x00000000d5580000)
  object space 296960K, 38% used [0x0000000080000000,0x0000000087005048,0x0000000092200000)
 Metaspace       used 104813K, capacity 110278K, committed 110720K, reserved 1144832K
  class space    used 13524K, capacity 14495K, committed 14720K, reserved 1048576K
Event: 609.781 GC heap after
Heap after GC invocations=48 (full 7):
 PSYoungGen      total 592384K, used 93680K [0x00000000d5580000, 0x0000000100000000, 0x0000000100000000)
  eden space 498688K, 0% used [0x00000000d5580000,0x00000000d5580000,0x00000000f3c80000)
  from space 93696K, 99% used [0x00000000f3c80000,0x00000000f97fc3b0,0x00000000f9800000)
  to   space 106496K, 0% used [0x00000000f9800000,0x00000000f9800000,0x0000000100000000)
 ParOldGen       total 296960K, used 128788K [0x0000000080000000, 0x0000000092200000, 0x00000000d5580000)
  object space 296960K, 43% used [0x0000000080000000,0x0000000087dc5320,0x0000000092200000)
 Metaspace       used 104813K, capacity 110278K, committed 110720K, reserved 1144832K
  class space    used 13524K, capacity 14495K, committed 14720K, reserved 1048576K
}

